<?xml version="1.0" encoding="UTF-8"?>
<!-- Generated by org.testng.reporters.JUnitReportReporter -->
<testsuite hostname="Aruns-MacBook-Air.local" name="Examples.Basics" tests="1" failures="0" timestamp="18 Apr 2020 12:19:17 GMT" time="3.516" errors="0">
  <testcase name="getCity" time="3.516" classname="Examples.Basics"/>
</testsuite>
